[07-Oct-2025 10:57:06 Africa/Nairobi] PHP Fatal error:  Uncaught Error: Call to undefined function isValidPIN() in /home/vxjtgclw/stockhub.zuri.co.ke/index.php:16
Stack trace:
#0 {main}
  thrown in /home/vxjtgclw/stockhub.zuri.co.ke/index.php on line 16
[07-Oct-2025 10:57:13 Africa/Nairobi] PHP Fatal error:  Uncaught Error: Call to undefined function isValidPIN() in /home/vxjtgclw/stockhub.zuri.co.ke/index.php:16
Stack trace:
#0 {main}
  thrown in /home/vxjtgclw/stockhub.zuri.co.ke/index.php on line 16
[07-Oct-2025 11:04:24 Africa/Nairobi] PHP Fatal error:  Uncaught Error: Call to undefined function isValidPIN() in /home/vxjtgclw/stockhub.zuri.co.ke/index.php:16
Stack trace:
#0 {main}
  thrown in /home/vxjtgclw/stockhub.zuri.co.ke/index.php on line 16
[07-Oct-2025 11:04:43 Africa/Nairobi] PHP Fatal error:  Uncaught Error: Call to undefined function isValidPIN() in /home/vxjtgclw/stockhub.zuri.co.ke/index.php:16
Stack trace:
#0 {main}
  thrown in /home/vxjtgclw/stockhub.zuri.co.ke/index.php on line 16
[07-Oct-2025 11:08:27 Africa/Nairobi] PHP Fatal error:  Uncaught Error: Call to undefined function isValidPIN() in /home/vxjtgclw/stockhub.zuri.co.ke/index.php:16
Stack trace:
#0 {main}
  thrown in /home/vxjtgclw/stockhub.zuri.co.ke/index.php on line 16
[07-Oct-2025 11:08:53 Africa/Nairobi] PHP Fatal error:  Uncaught Error: Call to undefined function isValidPIN() in /home/vxjtgclw/stockhub.zuri.co.ke/index.php:16
Stack trace:
#0 {main}
  thrown in /home/vxjtgclw/stockhub.zuri.co.ke/index.php on line 16
[07-Oct-2025 11:11:17 Africa/Nairobi] PHP Fatal error:  Uncaught Error: Call to undefined function isValidPIN() in /home/vxjtgclw/stockhub.zuri.co.ke/index.php:16
Stack trace:
#0 {main}
  thrown in /home/vxjtgclw/stockhub.zuri.co.ke/index.php on line 16
[07-Oct-2025 11:13:34 Africa/Nairobi] PHP Fatal error:  Uncaught Error: Call to undefined function getDashboardStats() in /home/vxjtgclw/stockhub.zuri.co.ke/dashboard.php:8
Stack trace:
#0 {main}
  thrown in /home/vxjtgclw/stockhub.zuri.co.ke/dashboard.php on line 8
[07-Oct-2025 11:15:25 Africa/Nairobi] PHP Fatal error:  Uncaught Error: Call to undefined function getUserInfo() in /home/vxjtgclw/stockhub.zuri.co.ke/header.php:8
Stack trace:
#0 /home/vxjtgclw/stockhub.zuri.co.ke/dashboard.php(41): include()
#1 {main}
  thrown in /home/vxjtgclw/stockhub.zuri.co.ke/header.php on line 8
[07-Oct-2025 11:15:30 Africa/Nairobi] PHP Fatal error:  Uncaught Error: Call to undefined function getUserInfo() in /home/vxjtgclw/stockhub.zuri.co.ke/header.php:8
Stack trace:
#0 /home/vxjtgclw/stockhub.zuri.co.ke/dashboard.php(41): include()
#1 {main}
  thrown in /home/vxjtgclw/stockhub.zuri.co.ke/header.php on line 8
[07-Oct-2025 11:18:20 Africa/Nairobi] PHP Fatal error:  Uncaught Error: Call to undefined function getUserInfo() in /home/vxjtgclw/stockhub.zuri.co.ke/header.php:8
Stack trace:
#0 /home/vxjtgclw/stockhub.zuri.co.ke/dashboard.php(41): include()
#1 {main}
  thrown in /home/vxjtgclw/stockhub.zuri.co.ke/header.php on line 8
[07-Oct-2025 11:18:39 Africa/Nairobi] PHP Fatal error:  Uncaught Error: Call to undefined function getUserInfo() in /home/vxjtgclw/stockhub.zuri.co.ke/header.php:8
Stack trace:
#0 /home/vxjtgclw/stockhub.zuri.co.ke/dashboard.php(41): include()
#1 {main}
  thrown in /home/vxjtgclw/stockhub.zuri.co.ke/header.php on line 8
[07-Oct-2025 11:21:07 Africa/Nairobi] PHP Fatal error:  Uncaught Error: Call to undefined function getUserInfo() in /home/vxjtgclw/stockhub.zuri.co.ke/header.php:8
Stack trace:
#0 /home/vxjtgclw/stockhub.zuri.co.ke/dashboard.php(41): include()
#1 {main}
  thrown in /home/vxjtgclw/stockhub.zuri.co.ke/header.php on line 8
[07-Oct-2025 11:32:07 Africa/Nairobi] PHP Fatal error:  Uncaught Error: Call to undefined function getUserInfo() in /home/vxjtgclw/stockhub.zuri.co.ke/header.php:8
Stack trace:
#0 /home/vxjtgclw/stockhub.zuri.co.ke/dashboard.php(46): include()
#1 {main}
  thrown in /home/vxjtgclw/stockhub.zuri.co.ke/header.php on line 8
[07-Oct-2025 11:32:21 Africa/Nairobi] PHP Fatal error:  Uncaught Error: Call to undefined function getUserInfo() in /home/vxjtgclw/stockhub.zuri.co.ke/header.php:8
Stack trace:
#0 /home/vxjtgclw/stockhub.zuri.co.ke/dashboard.php(46): include()
#1 {main}
  thrown in /home/vxjtgclw/stockhub.zuri.co.ke/header.php on line 8
[07-Oct-2025 11:32:35 Africa/Nairobi] PHP Fatal error:  Uncaught Error: Call to undefined function getUserInfo() in /home/vxjtgclw/stockhub.zuri.co.ke/header.php:8
Stack trace:
#0 /home/vxjtgclw/stockhub.zuri.co.ke/products.php(103): include()
#1 {main}
  thrown in /home/vxjtgclw/stockhub.zuri.co.ke/header.php on line 8
[07-Oct-2025 12:26:41 Africa/Nairobi] PHP Deprecated:  number_format(): Passing null to parameter #1 ($num) of type float is deprecated in /home/vxjtgclw/stockhub.zuri.co.ke/config.php on line 110
[07-Oct-2025 12:34:31 Africa/Nairobi] PHP Deprecated:  number_format(): Passing null to parameter #1 ($num) of type float is deprecated in /home/vxjtgclw/stockhub.zuri.co.ke/config.php on line 110
[07-Oct-2025 12:35:35 Africa/Nairobi] PHP Fatal error:  Uncaught Error: Call to undefined function getStockStatus() in /home/vxjtgclw/stockhub.zuri.co.ke/pos.php:122
Stack trace:
#0 {main}
  thrown in /home/vxjtgclw/stockhub.zuri.co.ke/pos.php on line 122
[07-Oct-2025 12:36:01 Africa/Nairobi] PHP Fatal error:  Uncaught Error: Call to undefined function getStockStatus() in /home/vxjtgclw/stockhub.zuri.co.ke/inventory.php:125
Stack trace:
#0 {main}
  thrown in /home/vxjtgclw/stockhub.zuri.co.ke/inventory.php on line 125
[07-Oct-2025 12:36:24 Africa/Nairobi] PHP Fatal error:  Uncaught Error: Call to undefined function formatDate() in /home/vxjtgclw/stockhub.zuri.co.ke/users.php:110
Stack trace:
#0 {main}
  thrown in /home/vxjtgclw/stockhub.zuri.co.ke/users.php on line 110
[07-Oct-2025 12:36:41 Africa/Nairobi] PHP Fatal error:  Uncaught mysqli_sql_exception: Table 'vxjtgclw_Spirits.expenses' doesn't exist in /home/vxjtgclw/stockhub.zuri.co.ke/expenses.php:39
Stack trace:
#0 /home/vxjtgclw/stockhub.zuri.co.ke/expenses.php(39): mysqli->query('SELECT e.*, u.n...')
#1 {main}
  thrown in /home/vxjtgclw/stockhub.zuri.co.ke/expenses.php on line 39
[07-Oct-2025 12:37:39 Africa/Nairobi] PHP Fatal error:  Uncaught Error: Call to undefined function formatDate() in /home/vxjtgclw/stockhub.zuri.co.ke/users.php:110
Stack trace:
#0 {main}
  thrown in /home/vxjtgclw/stockhub.zuri.co.ke/users.php on line 110
[07-Oct-2025 12:37:42 Africa/Nairobi] PHP Deprecated:  number_format(): Passing null to parameter #1 ($num) of type float is deprecated in /home/vxjtgclw/stockhub.zuri.co.ke/config.php on line 110
[07-Oct-2025 12:37:53 Africa/Nairobi] PHP Deprecated:  number_format(): Passing null to parameter #1 ($num) of type float is deprecated in /home/vxjtgclw/stockhub.zuri.co.ke/config.php on line 110
[07-Oct-2025 12:37:53 Africa/Nairobi] PHP Deprecated:  number_format(): Passing null to parameter #1 ($num) of type float is deprecated in /home/vxjtgclw/stockhub.zuri.co.ke/config.php on line 110
[07-Oct-2025 12:37:59 Africa/Nairobi] PHP Deprecated:  number_format(): Passing null to parameter #1 ($num) of type float is deprecated in /home/vxjtgclw/stockhub.zuri.co.ke/config.php on line 110
[07-Oct-2025 12:41:33 Africa/Nairobi] PHP Deprecated:  number_format(): Passing null to parameter #1 ($num) of type float is deprecated in /home/vxjtgclw/stockhub.zuri.co.ke/config.php on line 110
[07-Oct-2025 12:42:02 Africa/Nairobi] PHP Deprecated:  number_format(): Passing null to parameter #1 ($num) of type float is deprecated in /home/vxjtgclw/stockhub.zuri.co.ke/config.php on line 110
[07-Oct-2025 12:42:41 Africa/Nairobi] PHP Fatal error:  Uncaught Error: Call to undefined function formatDate() in /home/vxjtgclw/stockhub.zuri.co.ke/users.php:110
Stack trace:
#0 {main}
  thrown in /home/vxjtgclw/stockhub.zuri.co.ke/users.php on line 110
[07-Oct-2025 12:42:55 Africa/Nairobi] PHP Fatal error:  Uncaught mysqli_sql_exception: Table 'vxjtgclw_Spirits.expenses' doesn't exist in /home/vxjtgclw/stockhub.zuri.co.ke/expenses.php:39
Stack trace:
#0 /home/vxjtgclw/stockhub.zuri.co.ke/expenses.php(39): mysqli->query('SELECT e.*, u.n...')
#1 {main}
  thrown in /home/vxjtgclw/stockhub.zuri.co.ke/expenses.php on line 39
[07-Oct-2025 12:45:00 Africa/Nairobi] PHP Fatal error:  Uncaught Error: Call to undefined function getStockStatus() in /home/vxjtgclw/stockhub.zuri.co.ke/pos.php:122
Stack trace:
#0 {main}
  thrown in /home/vxjtgclw/stockhub.zuri.co.ke/pos.php on line 122
[07-Oct-2025 12:51:41 Africa/Nairobi] PHP Fatal error:  Uncaught Error: Call to undefined function getStockStatus() in /home/vxjtgclw/stockhub.zuri.co.ke/pos.php:122
Stack trace:
#0 {main}
  thrown in /home/vxjtgclw/stockhub.zuri.co.ke/pos.php on line 122
[07-Oct-2025 13:45:23 Africa/Nairobi] PHP Warning:  Undefined array key "email" in /home/vxjtgclw/stockhub.zuri.co.ke/users.php on line 232
[07-Oct-2025 13:45:23 Africa/Nairobi] PHP Warning:  Undefined array key "phone" in /home/vxjtgclw/stockhub.zuri.co.ke/users.php on line 238
[07-Oct-2025 13:45:23 Africa/Nairobi] PHP Warning:  Undefined array key "email" in /home/vxjtgclw/stockhub.zuri.co.ke/users.php on line 232
[07-Oct-2025 13:45:23 Africa/Nairobi] PHP Warning:  Undefined array key "phone" in /home/vxjtgclw/stockhub.zuri.co.ke/users.php on line 238
[07-Oct-2025 16:53:22 Africa/Nairobi] PHP Fatal error:  Uncaught ArgumentCountError: The number of elements in the type definition string must match the number of bind variables in /home/vxjtgclw/stockhub.zuri.co.ke/api/complete-sale.php:152
Stack trace:
#0 /home/vxjtgclw/stockhub.zuri.co.ke/api/complete-sale.php(152): mysqli_stmt->bind_param('iisidd', 6, 80, 'Balozi Lager 50...', 1, 140.0, 0, 140.0)
#1 {main}
  thrown in /home/vxjtgclw/stockhub.zuri.co.ke/api/complete-sale.php on line 152
[07-Oct-2025 16:56:31 Africa/Nairobi] PHP Fatal error:  Uncaught ArgumentCountError: The number of elements in the type definition string must match the number of bind variables in /home/vxjtgclw/stockhub.zuri.co.ke/api/complete-sale.php:152
Stack trace:
#0 /home/vxjtgclw/stockhub.zuri.co.ke/api/complete-sale.php(152): mysqli_stmt->bind_param('iisidd', 7, 12, 'Absolute Vodka ...', 1, 2300.0, 0, 2300.0)
#1 {main}
  thrown in /home/vxjtgclw/stockhub.zuri.co.ke/api/complete-sale.php on line 152
[07-Oct-2025 17:05:07 Africa/Nairobi] PHP Fatal error:  Uncaught ArgumentCountError: The number of elements in the type definition string must match the number of bind variables in /home/vxjtgclw/stockhub.zuri.co.ke/api/complete-sale.php:152
Stack trace:
#0 /home/vxjtgclw/stockhub.zuri.co.ke/api/complete-sale.php(152): mysqli_stmt->bind_param('iisidd', 8, 12, 'Absolute Vodka ...', 1, 2300.0, 0, 2300.0)
#1 {main}
  thrown in /home/vxjtgclw/stockhub.zuri.co.ke/api/complete-sale.php on line 152
